<?xml version="1.0" encoding="UTF-8"?>
<testsuite xmlns:xsi="http://www.w3.org/2001/XMLSchema-instance" xsi:noNamespaceSchemaLocation="https://maven.apache.org/surefire/maven-surefire-plugin/xsd/surefire-test-report-3.0.xsd" version="3.0" name="TestSuite" time="176.786" tests="2" errors="0" skipped="0" failures="0">
  <properties>
    <property name="awt.toolkit" value="sun.lwawt.macosx.LWCToolkit"/>
    <property name="java.specification.version" value="12"/>
    <property name="sun.jnu.encoding" value="UTF-8"/>
    <property name="java.class.path" value="/Users/vaibhavdixit/basic/target/test-classes:/Users/vaibhavdixit/basic/target/classes:/Users/vaibhavdixit/.m2/repository/org/hamcrest/hamcrest-core/1.3/hamcrest-core-1.3.jar:/Users/vaibhavdixit/.m2/repository/org/testng/testng/6.8/testng-6.8.jar:/Users/vaibhavdixit/.m2/repository/junit/junit/4.10/junit-4.10.jar:/Users/vaibhavdixit/.m2/repository/org/beanshell/bsh/2.0b4/bsh-2.0b4.jar:/Users/vaibhavdixit/.m2/repository/com/beust/jcommander/1.27/jcommander-1.27.jar:/Users/vaibhavdixit/.m2/repository/org/yaml/snakeyaml/1.6/snakeyaml-1.6.jar:/Users/vaibhavdixit/.m2/repository/io/appium/java-client/7.3.0/java-client-7.3.0.jar:/Users/vaibhavdixit/.m2/repository/org/seleniumhq/selenium/selenium-support/3.141.59/selenium-support-3.141.59.jar:/Users/vaibhavdixit/.m2/repository/org/seleniumhq/selenium/selenium-api/3.141.59/selenium-api-3.141.59.jar:/Users/vaibhavdixit/.m2/repository/org/apache/httpcomponents/httpclient/4.5.9/httpclient-4.5.9.jar:/Users/vaibhavdixit/.m2/repository/org/apache/httpcomponents/httpcore/4.4.11/httpcore-4.4.11.jar:/Users/vaibhavdixit/.m2/repository/commons-logging/commons-logging/1.2/commons-logging-1.2.jar:/Users/vaibhavdixit/.m2/repository/commons-codec/commons-codec/1.11/commons-codec-1.11.jar:/Users/vaibhavdixit/.m2/repository/cglib/cglib/3.2.12/cglib-3.2.12.jar:/Users/vaibhavdixit/.m2/repository/org/ow2/asm/asm/7.1/asm-7.1.jar:/Users/vaibhavdixit/.m2/repository/commons-validator/commons-validator/1.6/commons-validator-1.6.jar:/Users/vaibhavdixit/.m2/repository/commons-beanutils/commons-beanutils/1.9.2/commons-beanutils-1.9.2.jar:/Users/vaibhavdixit/.m2/repository/commons-digester/commons-digester/1.8.1/commons-digester-1.8.1.jar:/Users/vaibhavdixit/.m2/repository/commons-collections/commons-collections/3.2.2/commons-collections-3.2.2.jar:/Users/vaibhavdixit/.m2/repository/org/apache/commons/commons-lang3/3.9/commons-lang3-3.9.jar:/Users/vaibhavdixit/.m2/repository/commons-io/commons-io/2.6/commons-io-2.6.jar:/Users/vaibhavdixit/.m2/repository/org/springframework/spring-context/5.1.8.RELEASE/spring-context-5.1.8.RELEASE.jar:/Users/vaibhavdixit/.m2/repository/org/springframework/spring-aop/5.1.8.RELEASE/spring-aop-5.1.8.RELEASE.jar:/Users/vaibhavdixit/.m2/repository/org/springframework/spring-beans/5.1.8.RELEASE/spring-beans-5.1.8.RELEASE.jar:/Users/vaibhavdixit/.m2/repository/org/springframework/spring-core/5.1.8.RELEASE/spring-core-5.1.8.RELEASE.jar:/Users/vaibhavdixit/.m2/repository/org/springframework/spring-jcl/5.1.8.RELEASE/spring-jcl-5.1.8.RELEASE.jar:/Users/vaibhavdixit/.m2/repository/org/springframework/spring-expression/5.1.8.RELEASE/spring-expression-5.1.8.RELEASE.jar:/Users/vaibhavdixit/.m2/repository/org/aspectj/aspectjweaver/1.9.4/aspectjweaver-1.9.4.jar:/Users/vaibhavdixit/.m2/repository/org/slf4j/slf4j-api/1.7.26/slf4j-api-1.7.26.jar:/Users/vaibhavdixit/.m2/repository/org/seleniumhq/selenium/selenium-java/3.141.59/selenium-java-3.141.59.jar:/Users/vaibhavdixit/.m2/repository/org/seleniumhq/selenium/selenium-chrome-driver/3.141.59/selenium-chrome-driver-3.141.59.jar:/Users/vaibhavdixit/.m2/repository/org/seleniumhq/selenium/selenium-edge-driver/3.141.59/selenium-edge-driver-3.141.59.jar:/Users/vaibhavdixit/.m2/repository/org/seleniumhq/selenium/selenium-firefox-driver/3.141.59/selenium-firefox-driver-3.141.59.jar:/Users/vaibhavdixit/.m2/repository/org/seleniumhq/selenium/selenium-ie-driver/3.141.59/selenium-ie-driver-3.141.59.jar:/Users/vaibhavdixit/.m2/repository/org/seleniumhq/selenium/selenium-opera-driver/3.141.59/selenium-opera-driver-3.141.59.jar:/Users/vaibhavdixit/.m2/repository/org/seleniumhq/selenium/selenium-remote-driver/3.141.59/selenium-remote-driver-3.141.59.jar:/Users/vaibhavdixit/.m2/repository/org/seleniumhq/selenium/selenium-safari-driver/3.141.59/selenium-safari-driver-3.141.59.jar:/Users/vaibhavdixit/.m2/repository/net/bytebuddy/byte-buddy/1.8.15/byte-buddy-1.8.15.jar:/Users/vaibhavdixit/.m2/repository/org/apache/commons/commons-exec/1.3/commons-exec-1.3.jar:/Users/vaibhavdixit/.m2/repository/com/google/guava/guava/25.0-jre/guava-25.0-jre.jar:/Users/vaibhavdixit/.m2/repository/com/google/code/findbugs/jsr305/1.3.9/jsr305-1.3.9.jar:/Users/vaibhavdixit/.m2/repository/org/checkerframework/checker-compat-qual/2.0.0/checker-compat-qual-2.0.0.jar:/Users/vaibhavdixit/.m2/repository/com/google/errorprone/error_prone_annotations/2.1.3/error_prone_annotations-2.1.3.jar:/Users/vaibhavdixit/.m2/repository/com/google/j2objc/j2objc-annotations/1.1/j2objc-annotations-1.1.jar:/Users/vaibhavdixit/.m2/repository/org/codehaus/mojo/animal-sniffer-annotations/1.14/animal-sniffer-annotations-1.14.jar:/Users/vaibhavdixit/.m2/repository/com/squareup/okhttp3/okhttp/3.11.0/okhttp-3.11.0.jar:/Users/vaibhavdixit/.m2/repository/com/squareup/okio/okio/1.14.0/okio-1.14.0.jar:/Users/vaibhavdixit/.m2/repository/com/googlecode/json-simple/json-simple/1.1.1/json-simple-1.1.1.jar:/Users/vaibhavdixit/.m2/repository/commons-lang/commons-lang/2.6/commons-lang-2.6.jar:/Users/vaibhavdixit/.m2/repository/com/google/code/gson/gson/2.8.6/gson-2.8.6.jar:/Users/vaibhavdixit/.m2/repository/com/saucelabs/sauce_testng/2.1.25/sauce_testng-2.1.25.jar:/Users/vaibhavdixit/.m2/repository/com/saucelabs/sauce_java_common/2.1.25/sauce_java_common-2.1.25.jar:/Users/vaibhavdixit/.m2/repository/com/saucelabs/saucerest/1.0.32/saucerest-1.0.32.jar:/Users/vaibhavdixit/.m2/repository/org/json/json/20090211/json-20090211.jar:"/>
    <property name="java.vm.vendor" value="Oracle Corporation"/>
    <property name="sun.arch.data.model" value="64"/>
    <property name="java.vendor.url" value="https://java.oracle.com/"/>
    <property name="user.timezone" value="Asia/Kolkata"/>
    <property name="os.name" value="Mac OS X"/>
    <property name="java.vm.specification.version" value="12"/>
    <property name="sun.java.launcher" value="SUN_STANDARD"/>
    <property name="user.country" value="GB"/>
    <property name="sun.boot.library.path" value="/Library/Java/JavaVirtualMachines/openjdk-12.0.1.jdk/Contents/Home/lib"/>
    <property name="sun.java.command" value="/Users/vaibhavdixit/basic/target/surefire/surefirebooter17428745515325675736.jar /Users/vaibhavdixit/basic/target/surefire 2020-04-16T22-28-06_709-jvmRun1 surefire5385418418451970172tmp surefire_01019326965459375003tmp"/>
    <property name="http.nonProxyHosts" value="local|*.local|169.254/16|*.169.254/16"/>
    <property name="jdk.debug" value="release"/>
    <property name="surefire.test.class.path" value="/Users/vaibhavdixit/basic/target/test-classes:/Users/vaibhavdixit/basic/target/classes:/Users/vaibhavdixit/.m2/repository/org/hamcrest/hamcrest-core/1.3/hamcrest-core-1.3.jar:/Users/vaibhavdixit/.m2/repository/org/testng/testng/6.8/testng-6.8.jar:/Users/vaibhavdixit/.m2/repository/junit/junit/4.10/junit-4.10.jar:/Users/vaibhavdixit/.m2/repository/org/beanshell/bsh/2.0b4/bsh-2.0b4.jar:/Users/vaibhavdixit/.m2/repository/com/beust/jcommander/1.27/jcommander-1.27.jar:/Users/vaibhavdixit/.m2/repository/org/yaml/snakeyaml/1.6/snakeyaml-1.6.jar:/Users/vaibhavdixit/.m2/repository/io/appium/java-client/7.3.0/java-client-7.3.0.jar:/Users/vaibhavdixit/.m2/repository/org/seleniumhq/selenium/selenium-support/3.141.59/selenium-support-3.141.59.jar:/Users/vaibhavdixit/.m2/repository/org/seleniumhq/selenium/selenium-api/3.141.59/selenium-api-3.141.59.jar:/Users/vaibhavdixit/.m2/repository/org/apache/httpcomponents/httpclient/4.5.9/httpclient-4.5.9.jar:/Users/vaibhavdixit/.m2/repository/org/apache/httpcomponents/httpcore/4.4.11/httpcore-4.4.11.jar:/Users/vaibhavdixit/.m2/repository/commons-logging/commons-logging/1.2/commons-logging-1.2.jar:/Users/vaibhavdixit/.m2/repository/commons-codec/commons-codec/1.11/commons-codec-1.11.jar:/Users/vaibhavdixit/.m2/repository/cglib/cglib/3.2.12/cglib-3.2.12.jar:/Users/vaibhavdixit/.m2/repository/org/ow2/asm/asm/7.1/asm-7.1.jar:/Users/vaibhavdixit/.m2/repository/commons-validator/commons-validator/1.6/commons-validator-1.6.jar:/Users/vaibhavdixit/.m2/repository/commons-beanutils/commons-beanutils/1.9.2/commons-beanutils-1.9.2.jar:/Users/vaibhavdixit/.m2/repository/commons-digester/commons-digester/1.8.1/commons-digester-1.8.1.jar:/Users/vaibhavdixit/.m2/repository/commons-collections/commons-collections/3.2.2/commons-collections-3.2.2.jar:/Users/vaibhavdixit/.m2/repository/org/apache/commons/commons-lang3/3.9/commons-lang3-3.9.jar:/Users/vaibhavdixit/.m2/repository/commons-io/commons-io/2.6/commons-io-2.6.jar:/Users/vaibhavdixit/.m2/repository/org/springframework/spring-context/5.1.8.RELEASE/spring-context-5.1.8.RELEASE.jar:/Users/vaibhavdixit/.m2/repository/org/springframework/spring-aop/5.1.8.RELEASE/spring-aop-5.1.8.RELEASE.jar:/Users/vaibhavdixit/.m2/repository/org/springframework/spring-beans/5.1.8.RELEASE/spring-beans-5.1.8.RELEASE.jar:/Users/vaibhavdixit/.m2/repository/org/springframework/spring-core/5.1.8.RELEASE/spring-core-5.1.8.RELEASE.jar:/Users/vaibhavdixit/.m2/repository/org/springframework/spring-jcl/5.1.8.RELEASE/spring-jcl-5.1.8.RELEASE.jar:/Users/vaibhavdixit/.m2/repository/org/springframework/spring-expression/5.1.8.RELEASE/spring-expression-5.1.8.RELEASE.jar:/Users/vaibhavdixit/.m2/repository/org/aspectj/aspectjweaver/1.9.4/aspectjweaver-1.9.4.jar:/Users/vaibhavdixit/.m2/repository/org/slf4j/slf4j-api/1.7.26/slf4j-api-1.7.26.jar:/Users/vaibhavdixit/.m2/repository/org/seleniumhq/selenium/selenium-java/3.141.59/selenium-java-3.141.59.jar:/Users/vaibhavdixit/.m2/repository/org/seleniumhq/selenium/selenium-chrome-driver/3.141.59/selenium-chrome-driver-3.141.59.jar:/Users/vaibhavdixit/.m2/repository/org/seleniumhq/selenium/selenium-edge-driver/3.141.59/selenium-edge-driver-3.141.59.jar:/Users/vaibhavdixit/.m2/repository/org/seleniumhq/selenium/selenium-firefox-driver/3.141.59/selenium-firefox-driver-3.141.59.jar:/Users/vaibhavdixit/.m2/repository/org/seleniumhq/selenium/selenium-ie-driver/3.141.59/selenium-ie-driver-3.141.59.jar:/Users/vaibhavdixit/.m2/repository/org/seleniumhq/selenium/selenium-opera-driver/3.141.59/selenium-opera-driver-3.141.59.jar:/Users/vaibhavdixit/.m2/repository/org/seleniumhq/selenium/selenium-remote-driver/3.141.59/selenium-remote-driver-3.141.59.jar:/Users/vaibhavdixit/.m2/repository/org/seleniumhq/selenium/selenium-safari-driver/3.141.59/selenium-safari-driver-3.141.59.jar:/Users/vaibhavdixit/.m2/repository/net/bytebuddy/byte-buddy/1.8.15/byte-buddy-1.8.15.jar:/Users/vaibhavdixit/.m2/repository/org/apache/commons/commons-exec/1.3/commons-exec-1.3.jar:/Users/vaibhavdixit/.m2/repository/com/google/guava/guava/25.0-jre/guava-25.0-jre.jar:/Users/vaibhavdixit/.m2/repository/com/google/code/findbugs/jsr305/1.3.9/jsr305-1.3.9.jar:/Users/vaibhavdixit/.m2/repository/org/checkerframework/checker-compat-qual/2.0.0/checker-compat-qual-2.0.0.jar:/Users/vaibhavdixit/.m2/repository/com/google/errorprone/error_prone_annotations/2.1.3/error_prone_annotations-2.1.3.jar:/Users/vaibhavdixit/.m2/repository/com/google/j2objc/j2objc-annotations/1.1/j2objc-annotations-1.1.jar:/Users/vaibhavdixit/.m2/repository/org/codehaus/mojo/animal-sniffer-annotations/1.14/animal-sniffer-annotations-1.14.jar:/Users/vaibhavdixit/.m2/repository/com/squareup/okhttp3/okhttp/3.11.0/okhttp-3.11.0.jar:/Users/vaibhavdixit/.m2/repository/com/squareup/okio/okio/1.14.0/okio-1.14.0.jar:/Users/vaibhavdixit/.m2/repository/com/googlecode/json-simple/json-simple/1.1.1/json-simple-1.1.1.jar:/Users/vaibhavdixit/.m2/repository/commons-lang/commons-lang/2.6/commons-lang-2.6.jar:/Users/vaibhavdixit/.m2/repository/com/google/code/gson/gson/2.8.6/gson-2.8.6.jar:/Users/vaibhavdixit/.m2/repository/com/saucelabs/sauce_testng/2.1.25/sauce_testng-2.1.25.jar:/Users/vaibhavdixit/.m2/repository/com/saucelabs/sauce_java_common/2.1.25/sauce_java_common-2.1.25.jar:/Users/vaibhavdixit/.m2/repository/com/saucelabs/saucerest/1.0.32/saucerest-1.0.32.jar:/Users/vaibhavdixit/.m2/repository/org/json/json/20090211/json-20090211.jar:"/>
    <property name="sun.cpu.endian" value="little"/>
    <property name="user.home" value="/Users/vaibhavdixit"/>
    <property name="user.language" value="en"/>
    <property name="java.specification.vendor" value="Oracle Corporation"/>
    <property name="java.version.date" value="2019-04-16"/>
    <property name="java.home" value="/Library/Java/JavaVirtualMachines/openjdk-12.0.1.jdk/Contents/Home"/>
    <property name="file.separator" value="/"/>
    <property name="basedir" value="/Users/vaibhavdixit/basic"/>
    <property name="java.vm.compressedOopsMode" value="Zero based"/>
    <property name="line.separator" value="&#10;"/>
    <property name="java.vm.specification.vendor" value="Oracle Corporation"/>
    <property name="java.specification.name" value="Java Platform API Specification"/>
    <property name="java.awt.graphicsenv" value="sun.awt.CGraphicsEnvironment"/>
    <property name="surefire.real.class.path" value="/Users/vaibhavdixit/basic/target/surefire/surefirebooter17428745515325675736.jar"/>
    <property name="sun.management.compiler" value="HotSpot 64-Bit Tiered Compilers"/>
    <property name="ftp.nonProxyHosts" value="local|*.local|169.254/16|*.169.254/16"/>
    <property name="java.runtime.version" value="12.0.1+12"/>
    <property name="user.name" value="vaibhavdixit"/>
    <property name="path.separator" value=":"/>
    <property name="os.version" value="10.15.3"/>
    <property name="java.runtime.name" value="OpenJDK Runtime Environment"/>
    <property name="file.encoding" value="UTF-8"/>
    <property name="java.vm.name" value="OpenJDK 64-Bit Server VM"/>
    <property name="localRepository" value="/Users/vaibhavdixit/.m2/repository"/>
    <property name="java.vendor.url.bug" value="https://bugreport.java.com/bugreport/"/>
    <property name="java.io.tmpdir" value="/var/folders/10/x9y081655_z4z90z_wc6s7s40000gn/T/"/>
    <property name="java.version" value="12.0.1"/>
    <property name="user.dir" value="/Users/vaibhavdixit/basic"/>
    <property name="os.arch" value="x86_64"/>
    <property name="java.vm.specification.name" value="Java Virtual Machine Specification"/>
    <property name="java.library.path" value="/Users/vaibhavdixit/Library/Java/Extensions:/Library/Java/Extensions:/Network/Library/Java/Extensions:/System/Library/Java/Extensions:/usr/lib/java:."/>
    <property name="java.vm.info" value="mixed mode, sharing"/>
    <property name="java.vendor" value="Oracle Corporation"/>
    <property name="java.vm.version" value="12.0.1+12"/>
    <property name="sun.io.unicode.encoding" value="UnicodeBig"/>
    <property name="socksNonProxyHosts" value="local|*.local|169.254/16|*.169.254/16"/>
    <property name="java.class.version" value="56.0"/>
  </properties>
  <testcase name="alogin" classname="com.BasicAppiumTest.BasicAppiumTest" time="41.118"/>
  <testcase name="create_class" classname="com.BasicAppiumTest.BasicAppiumTest" time="73.459"/>
</testsuite>