<?xml version="1.0" encoding="UTF-8"?>
<!-- Generated by org.testng.reporters.JUnitReportReporter -->
<testsuite hostname="Vaibhavs-MacBook-Pro.local" failures="0" tests="2" name="com.BasicAppiumTest.BasicAppiumTest" time="114.578" errors="0" timestamp="16 Apr 2020 17:01:04 GMT">
  <testcase classname="com.BasicAppiumTest.BasicAppiumTest" name="create_class" time="73.466"/>
  <testcase classname="com.BasicAppiumTest.BasicAppiumTest" name="alogin" time="41.112"/>
</testsuite> <!-- com.BasicAppiumTest.BasicAppiumTest -->
